<?xml version="1.0" encoding="UTF-8"?>
<testsuite xmlns:xsi="http://www.w3.org/2001/XMLSchema-instance" xsi:noNamespaceSchemaLocation="https://maven.apache.org/surefire/maven-surefire-plugin/xsd/surefire-test-report.xsd" name="com.bjbloemker.resources.GeneralServicesTest" time="0.036" tests="22" errors="0" skipped="0" failures="0">
  <properties>
[...]
</properties>
  <testcase name="getAllNotesFromPark" classname="com.bjbloemker.resources.GeneralServicesTest" time="0"/>
  <testcase name="findNoteByParkIdNull" classname="com.bjbloemker.resources.GeneralServicesTest" time="0.002"/>
  <testcase name="simplifyOrders" classname="com.bjbloemker.resources.GeneralServicesTest" time="0.002"/>
  <testcase name="superSimplifyNotes" classname="com.bjbloemker.resources.GeneralServicesTest" time="0.001"/>
  <testcase name="simplifyVisitors" classname="com.bjbloemker.resources.GeneralServicesTest" time="0.001"/>
  <testcase name="superSimplifyOrders" classname="com.bjbloemker.resources.GeneralServicesTest" time="0"/>
  <testcase name="findParkByIdNull" classname="com.bjbloemker.resources.GeneralServicesTest" time="0"/>
  <testcase name="calculateCost" classname="com.bjbloemker.resources.GeneralServicesTest" time="0.001"/>
  <testcase name="getAllOrdersFromVisitor" classname="com.bjbloemker.resources.GeneralServicesTest" time="0"/>
  <testcase name="findVisitorByEmailNull" classname="com.bjbloemker.resources.GeneralServicesTest" time="0"/>
  <testcase name="findOrderById" classname="com.bjbloemker.resources.GeneralServicesTest" time="0"/>
  <testcase name="findVisitorById" classname="com.bjbloemker.resources.GeneralServicesTest" time="0"/>
  <testcase name="findVisitorByIdNull" classname="com.bjbloemker.resources.GeneralServicesTest" time="0"/>
  <testcase name="visitorsWithoutProperty" classname="com.bjbloemker.resources.GeneralServicesTest" time="0"/>
  <testcase name="findNoteByNoteIdNull" classname="com.bjbloemker.resources.GeneralServicesTest" time="0"/>
  <testcase name="findParkById" classname="com.bjbloemker.resources.GeneralServicesTest" time="0"/>
  <testcase name="getAllNotesFromVisitor" classname="com.bjbloemker.resources.GeneralServicesTest" time="0.001"/>
  <testcase name="findVisitorByEmail" classname="com.bjbloemker.resources.GeneralServicesTest" time="0"/>
  <testcase name="findNoteByNoteId" classname="com.bjbloemker.resources.GeneralServicesTest" time="0.001"/>
  <testcase name="findNoteByParkId" classname="com.bjbloemker.resources.GeneralServicesTest" time="0.001"/>
  <testcase name="findOrderByIdNull" classname="com.bjbloemker.resources.GeneralServicesTest" time="0"/>
  <testcase name="parksWithoutProperty" classname="com.bjbloemker.resources.GeneralServicesTest" time="0.009"/>
</testsuite>